<?xml version="1.0" encoding="UTF-8"?>
<!-- Generated by org.testng.reporters.JUnitReportReporter -->
<testsuite hostname="VAIO_DEEPAK" name="aug2016.NewTest15August" tests="1" failures="0" timestamp="15 Aug 2016 06:31:57 GMT" time="0.019" errors="0">
  <testcase name="f" time="0.019" classname="aug2016.NewTest15August"/>
</testsuite> <!-- aug2016.NewTest15August -->
